<?xml version="1.0" encoding="UTF-8"?>
<testng-results skipped="0" failed="1" ignored="0" total="4" passed="3">
  <reporter-output>
  </reporter-output>
  <suite name="Suite" duration-ms="123968" started-at="2019-03-23T19:40:36Z" finished-at="2019-03-23T19:42:40Z">
    <groups>
    </groups>
    <test name="FirefoxTest" duration-ms="109642" started-at="2019-03-23T19:40:36Z" finished-at="2019-03-23T19:42:26Z">
      <class name="tests.SignInTest">
        <test-method status="PASS" signature="setup(java.lang.String)[pri:0, instance:tests.SignInTest@2a079c]" name="setup" is-config="true" duration-ms="18272" started-at="2019-03-23T19:40:36Z" finished-at="2019-03-23T19:40:54Z">
          <params>
            <param index="0">
              <value>
                <![CDATA[firefox]]>
              </value>
            </param>
          </params>
          <reporter-output>
          </reporter-output>
        </test-method> <!-- setup -->
        <test-method status="PASS" signature="verifySignInFunctionality(java.lang.String, java.lang.String)[pri:0, instance:tests.SignInTest@2a079c]" name="verifySignInFunctionality" duration-ms="59483" started-at="2019-03-23T19:40:55Z" data-provider="getTestData" finished-at="2019-03-23T19:41:54Z">
          <params>
            <param index="0">
              <value>
                <![CDATA[testuser1@example.com]]>
              </value>
            </param>
            <param index="1">
              <value>
                <![CDATA[Testing123]]>
              </value>
            </param>
          </params>
          <reporter-output>
          </reporter-output>
        </test-method> <!-- verifySignInFunctionality -->
        <test-method status="FAIL" signature="verifySignInFunctionality(java.lang.String, java.lang.String)[pri:0, instance:tests.SignInTest@2a079c]" name="verifySignInFunctionality" duration-ms="26432" started-at="2019-03-23T19:41:54Z" data-provider="getTestData" finished-at="2019-03-23T19:42:20Z">
          <params>
            <param index="0">
              <value>
                <![CDATA[testuser2@example.com]]>
              </value>
            </param>
            <param index="1">
              <value>
                <![CDATA[Testing123]]>
              </value>
            </param>
          </params>
          <exception class="java.lang.AssertionError">
            <message>
              <![CDATA[SignInTest test is failed]]>
            </message>
            <full-stacktrace>
              <![CDATA[java.lang.AssertionError: SignInTest test is failed
at org.testng.Assert.fail(Assert.java:96)
at utils.ReportingUtil.report(ReportingUtil.java:56)
at page.objects.AccountPage.verifyMyAccountPageIsDisplayed(AccountPage.java:38)
at tests.SignInTest.verifySignInFunctionality(SignInTest.java:54)
at sun.reflect.NativeMethodAccessorImpl.invoke0(Native Method)
at sun.reflect.NativeMethodAccessorImpl.invoke(Unknown Source)
at sun.reflect.DelegatingMethodAccessorImpl.invoke(Unknown Source)
at java.lang.reflect.Method.invoke(Unknown Source)
at org.testng.internal.MethodInvocationHelper.invokeMethod(MethodInvocationHelper.java:124)
at org.testng.internal.Invoker.invokeMethod(Invoker.java:583)
at org.testng.internal.Invoker.invokeTestMethod(Invoker.java:719)
at org.testng.internal.Invoker.invokeTestMethods(Invoker.java:989)
at org.testng.internal.TestMethodWorker.invokeTestMethods(TestMethodWorker.java:125)
at org.testng.internal.TestMethodWorker.run(TestMethodWorker.java:109)
at org.testng.TestRunner.privateRun(TestRunner.java:648)
at org.testng.TestRunner.run(TestRunner.java:505)
at org.testng.SuiteRunner.runTest(SuiteRunner.java:455)
at org.testng.SuiteRunner.access$000(SuiteRunner.java:40)
at org.testng.SuiteRunner$SuiteWorker.run(SuiteRunner.java:489)
at org.testng.internal.thread.ThreadUtil$1.call(ThreadUtil.java:52)
at java.util.concurrent.FutureTask.run(Unknown Source)
at java.util.concurrent.ThreadPoolExecutor.runWorker(Unknown Source)
at java.util.concurrent.ThreadPoolExecutor$Worker.run(Unknown Source)
at java.lang.Thread.run(Unknown Source)
]]>
            </full-stacktrace>
          </exception> <!-- java.lang.AssertionError -->
          <reporter-output>
          </reporter-output>
        </test-method> <!-- verifySignInFunctionality -->
        <test-method status="PASS" signature="tearDown()[pri:0, instance:tests.SignInTest@2a079c]" name="tearDown" is-config="true" duration-ms="5370" started-at="2019-03-23T19:42:20Z" finished-at="2019-03-23T19:42:26Z">
          <reporter-output>
          </reporter-output>
        </test-method> <!-- tearDown -->
      </class> <!-- tests.SignInTest -->
    </test> <!-- FirefoxTest -->
    <test name="ChromeTest" duration-ms="123968" started-at="2019-03-23T19:40:36Z" finished-at="2019-03-23T19:42:40Z">
      <class name="tests.SignInTest">
        <test-method status="PASS" signature="setup(java.lang.String)[pri:0, instance:tests.SignInTest@5cb137]" name="setup" is-config="true" duration-ms="5953" started-at="2019-03-23T19:40:36Z" finished-at="2019-03-23T19:40:42Z">
          <params>
            <param index="0">
              <value>
                <![CDATA[chrome]]>
              </value>
            </param>
          </params>
          <reporter-output>
          </reporter-output>
        </test-method> <!-- setup -->
        <test-method status="PASS" signature="verifySignInFunctionality(java.lang.String, java.lang.String)[pri:0, instance:tests.SignInTest@5cb137]" name="verifySignInFunctionality" duration-ms="72737" started-at="2019-03-23T19:40:43Z" data-provider="getTestData" finished-at="2019-03-23T19:41:56Z">
          <params>
            <param index="0">
              <value>
                <![CDATA[testuser1@example.com]]>
              </value>
            </param>
            <param index="1">
              <value>
                <![CDATA[Testing123]]>
              </value>
            </param>
          </params>
          <reporter-output>
          </reporter-output>
        </test-method> <!-- verifySignInFunctionality -->
        <test-method status="PASS" signature="verifySignInFunctionality(java.lang.String, java.lang.String)[pri:0, instance:tests.SignInTest@5cb137]" name="verifySignInFunctionality" duration-ms="42918" started-at="2019-03-23T19:41:56Z" data-provider="getTestData" finished-at="2019-03-23T19:42:39Z">
          <params>
            <param index="0">
              <value>
                <![CDATA[testuser2@example.com]]>
              </value>
            </param>
            <param index="1">
              <value>
                <![CDATA[Testing123]]>
              </value>
            </param>
          </params>
          <reporter-output>
          </reporter-output>
        </test-method> <!-- verifySignInFunctionality -->
        <test-method status="PASS" signature="tearDown()[pri:0, instance:tests.SignInTest@5cb137]" name="tearDown" is-config="true" duration-ms="1351" started-at="2019-03-23T19:42:39Z" finished-at="2019-03-23T19:42:40Z">
          <reporter-output>
          </reporter-output>
        </test-method> <!-- tearDown -->
      </class> <!-- tests.SignInTest -->
    </test> <!-- ChromeTest -->
  </suite> <!-- Suite -->
</testng-results>
