<?xml version="1.0" encoding="UTF-8"?>
<!-- Generated by org.testng.reporters.JUnitReportReporter -->
<testsuite skipped="0" hostname="ADMIN-PC" name="tests.SignInTest" tests="4" failures="1" timestamp="23 Mar 2019 19:42:40 GMT" time="201.570" errors="0">
  <testcase name="verifySignInFunctionality" time="26.432" classname="tests.SignInTest">
    <failure type="java.lang.AssertionError" message="SignInTest test is failed">
      <![CDATA[java.lang.AssertionError: SignInTest test is failed
at org.testng.Assert.fail(Assert.java:96)
at utils.ReportingUtil.report(ReportingUtil.java:56)
at page.objects.AccountPage.verifyMyAccountPageIsDisplayed(AccountPage.java:38)
at tests.SignInTest.verifySignInFunctionality(SignInTest.java:54)
at sun.reflect.NativeMethodAccessorImpl.invoke0(Native Method)
at sun.reflect.NativeMethodAccessorImpl.invoke(Unknown Source)
at sun.reflect.DelegatingMethodAccessorImpl.invoke(Unknown Source)
at java.lang.reflect.Method.invoke(Unknown Source)
at org.testng.internal.MethodInvocationHelper.invokeMethod(MethodInvocationHelper.java:124)
at org.testng.internal.Invoker.invokeMethod(Invoker.java:583)
at org.testng.internal.Invoker.invokeTestMethod(Invoker.java:719)
at org.testng.internal.Invoker.invokeTestMethods(Invoker.java:989)
at org.testng.internal.TestMethodWorker.invokeTestMethods(TestMethodWorker.java:125)
at org.testng.internal.TestMethodWorker.run(TestMethodWorker.java:109)
at org.testng.TestRunner.privateRun(TestRunner.java:648)
at org.testng.TestRunner.run(TestRunner.java:505)
at org.testng.SuiteRunner.runTest(SuiteRunner.java:455)
at org.testng.SuiteRunner.access$000(SuiteRunner.java:40)
at org.testng.SuiteRunner$SuiteWorker.run(SuiteRunner.java:489)
at org.testng.internal.thread.ThreadUtil$1.call(ThreadUtil.java:52)
at java.util.concurrent.FutureTask.run(Unknown Source)
at java.util.concurrent.ThreadPoolExecutor.runWorker(Unknown Source)
at java.util.concurrent.ThreadPoolExecutor$Worker.run(Unknown Source)
at java.lang.Thread.run(Unknown Source)
]]>
    </failure>
  </testcase> <!-- verifySignInFunctionality -->
  <testcase name="verifySignInFunctionality" time="42.918" classname="tests.SignInTest"/>
  <testcase name="verifySignInFunctionality" time="59.483" classname="tests.SignInTest"/>
  <testcase name="verifySignInFunctionality" time="72.737" classname="tests.SignInTest"/>
</testsuite> <!-- tests.SignInTest -->
